hairLength
glasses
facialHair
eyeColor
pimples
hat
hairColor
noseShape
faceShape
Round 1
Player 1 guessing Person  Placeholder
Player 2 answering false
Player 2 guessing Attribute hairLength white
Player 1 answering true
Round 2
Player 1 guessing Person  Placeholder
Player 2 answering false
Player 2 guessing Attribute glasses green
Player 1 answering true
Round 3
Player 1 guessing Person  Placeholder
Player 2 answering false
Player 2 guessing Attribute facialHair blue
Player 1 answering true
Round 4
Player 1 guessing Person  Placeholder
Player 2 answering false
Player 2 guessing Attribute eyeColor blue
Player 1 answering true
Round 5
Player 1 guessing Person  Placeholder
Player 2 answering false
Player 2 guessing Attribute pimples blue
Player 1 answering true
Round 6
Player 1 guessing Person  Placeholder
Player 2 answering false
Player 2 guessing Attribute hat brown
red brown 
Player 1 answering false
Round 7
Player 1 guessing Person  Placeholder
Player 2 answering false
Player 2 guessing Attribute hat green
red green 
Player 1 answering false
Round 8
Player 1 guessing Person  Placeholder
Player 2 answering false
Player 2 guessing Attribute hat yellow
red yellow 
Player 1 answering false
Round 9
Player 1 guessing Person  Placeholder
Player 2 answering false
Player 2 guessing Attribute hat red
Player 1 answering true
Round 10
Player 1 guessing Person  Placeholder
Player 2 answering false
Player 2 guessing Attribute hairColor brown
red brown 
Player 1 answering false
Round 11
Player 1 guessing Person  Placeholder
Player 2 answering false
Player 2 guessing Attribute hairColor red
Player 1 answering true
Round 12
Player 1 guessing Person  Placeholder
Player 2 answering false
Player 2 guessing Attribute noseShape white
green white 
Player 1 answering false
Round 13
Player 1 guessing Person  Placeholder
Player 2 answering false
Player 2 guessing Attribute noseShape green
Player 1 answering true
Round 14
Player 1 guessing Person  Placeholder
Player 2 answering false
Player 2 guessing Attribute faceShape white
Player 1 answering true
Round 15
Player 1 guessing Person  Placeholder
Player 2 answering false
