Round 1
Player 1 guessing Person  Placeholder
Player 2 answering false
Player 2 guessing Attribute hairLength white
Player 1 answering true
Round 2
Player 1 guessing Person  Placeholder
Player 2 answering false
Player 2 guessing Attribute glasses green
Player 1 answering true
Round 3
Player 1 guessing Person  Placeholder
Player 2 answering false
Player 2 guessing Attribute facialHair blue
Player 1 answering true
Round 4
Player 1 guessing Person  Placeholder
Player 2 answering false
Player 2 guessing Attribute eyeColor blue
Player 1 answering true
Round 5
Player 1 guessing Person  Placeholder
Player 2 answering false
Player 2 guessing Attribute pimples white
Player 1 answering false
Round 6
Player 1 guessing Person  Placeholder
Player 2 answering false
Player 2 guessing Attribute pimples blue
Player 1 answering true
Round 7
Player 1 guessing Person  Placeholder
Player 2 answering false
Player 2 guessing Person  P3
Player 1 answering true
Player 2 won!
